Command line:
   bcd_count_tb_example_isim_beh.exe
     -simmode  gui
     -simrunnum  0
     -socket  54399

Fri Feb 08 19:00:33 2019


 Elaboration Time: 0.0625 sec

 Current Memory Usage: 534.024 Meg

 Total Signals          : 28
 Total Nets             : 44
 Total Signal Drivers   : 12
 Total Blocks           : 6
 Total Primitive Blocks : 3
 Total Processes        : 20
 Total Traceable Variables  : 27
 Total Scalar Nets and Variables : 188
Total Line Count : 77

 Total Simulation Time: 0.078125 sec

 Current Memory Usage: 534.024 Meg

Fri Feb 08 19:37:08 2019

