Command line:
   count_7_isim_beh.exe
     -simmode  gui
     -simrunnum  0
     -socket  50902

Tue Feb 12 16:30:51 2019


 Elaboration Time: 0.078125 sec

 Current Memory Usage: 534.983 Meg

 Total Signals          : 16
 Total Nets             : 23
 Total Signal Drivers   : 6
 Total Blocks           : 2
 Total Primitive Blocks : 2
 Total Processes        : 9
 Total Traceable Variables  : 19
 Total Scalar Nets and Variables : 110
Total Line Count : 23

 Total Simulation Time: 0.078125 sec

 Current Memory Usage: 850.08 Meg

Tue Feb 12 16:31:43 2019

