Running: D:\Xilinx\14.7\ISE_DS\ISE\bin\nt64\unwrapped\fuse.exe -intstyle ise -incremental -lib unisims_ver -lib unimacro_ver -lib xilinxcorelib_ver -lib secureip -o D:/Google Drive/Repos/csdlabs/Lab3/T0_isim_beh.exe -prj D:/Google Drive/Repos/csdlabs/Lab3/T0_beh.prj work.T0 work.glbl 
ISim P.20131013 (signature 0x7708f090)
Number of CPUs detected in this system: 4
Turning on mult-threading, number of parallel sub-compilation jobs: 8 
Determining compilation order of HDL files
Analyzing Verilog file "D:/Google Drive/Repos/csdlabs/Lab3/counter.v" into library work
Analyzing Verilog file "D:/Google Drive/Repos/csdlabs/Lab3/prog_counter.v" into library work
Analyzing Verilog file "D:/Google Drive/Repos/csdlabs/Lab3/binary_bcd.v" into library work
Analyzing Verilog file "D:/Google Drive/Repos/csdlabs/Lab3/final_bcd_counter.v" into library work
Analyzing Verilog file "D:/Google Drive/Repos/csdlabs/Lab3/bcd_count_7_testbench.v" into library work
Analyzing Verilog file "D:/Xilinx/14.7/ISE_DS/ISE//verilog/src/glbl.v" into library work
Starting static elaboration
Completed static elaboration
Compiling module count_7
Compiling module prog_count_7
Compiling module binary_bcd_2
Compiling module bcd_count_7
Compiling module T0
Compiling module glbl
Time Resolution for simulation is 1ps.
Waiting for 1 sub-compilation(s) to finish...
Compiled 6 Verilog Units
Built simulation executable D:/Google Drive/Repos/csdlabs/Lab3/T0_isim_beh.exe
Fuse Memory Usage: 26752 KB
Fuse CPU Usage: 655 ms
