Release 14.7 - xst P.20131013 (nt)
Copyright (c) 1995-2013 Xilinx, Inc.  All rights reserved.
--> Parameter TMPDIR set to xst/projnav.tmp


Total REAL time to Xst completion: 0.00 secs
Total CPU time to Xst completion: 0.14 secs
 
--> Parameter xsthdpdir set to xst


Total REAL time to Xst completion: 0.00 secs
Total CPU time to Xst completion: 0.14 secs
 
--> Reading design: lab_board.prj

TABLE OF CONTENTS
  1) Synthesis Options Summary
  2) HDL Parsing
  3) HDL Elaboration
  4) HDL Synthesis
       4.1) HDL Synthesis Report
  5) Advanced HDL Synthesis
       5.1) Advanced HDL Synthesis Report
  6) Low Level Synthesis
  7) Partition Report
  8) Design Summary
       8.1) Primitive and Black Box Usage
       8.2) Device utilization summary
       8.3) Partition Resource Summary
       8.4) Timing Report
            8.4.1) Clock Information
            8.4.2) Asynchronous Control Signals Information
            8.4.3) Timing Summary
            8.4.4) Timing Details
            8.4.5) Cross Clock Domains Report


=========================================================================
*                      Synthesis Options Summary                        *
=========================================================================
---- Source Parameters
Input File Name                    : "lab_board.prj"
Ignore Synthesis Constraint File   : NO

---- Target Parameters
Output File Name                   : "lab_board"
Output Format                      : NGC
Target Device                      : xc6slx45-3-csg484

---- Source Options
Top Module Name                    : lab_board
Automatic FSM Extraction           : YES
FSM Encoding Algorithm             : Auto
Safe Implementation                : No
FSM Style                          : LUT
RAM Extraction                     : Yes
RAM Style                          : Auto
ROM Extraction                     : Yes
Shift Register Extraction          : YES
ROM Style                          : Auto
Resource Sharing                   : YES
Asynchronous To Synchronous        : NO
Shift Register Minimum Size        : 2
Use DSP Block                      : Auto
Automatic Register Balancing       : No

---- Target Options
LUT Combining                      : Auto
Reduce Control Sets                : Auto
Add IO Buffers                     : YES
Global Maximum Fanout              : 100000
Add Generic Clock Buffer(BUFG)     : 16
Register Duplication               : YES
Optimize Instantiated Primitives   : NO
Use Clock Enable                   : Auto
Use Synchronous Set                : Auto
Use Synchronous Reset              : Auto
Pack IO Registers into IOBs        : Auto
Equivalent register Removal        : YES

---- General Options
Optimization Goal                  : Speed
Optimization Effort                : 1
Power Reduction                    : NO
Keep Hierarchy                     : No
Netlist Hierarchy                  : As_Optimized
RTL Output                         : Yes
Global Optimization                : AllClockNets
Read Cores                         : YES
Write Timing Constraints           : NO
Cross Clock Analysis               : NO
Hierarchy Separator                : /
Bus Delimiter                      : <>
Case Specifier                     : Maintain
Slice Utilization Ratio            : 100
BRAM Utilization Ratio             : 100
DSP48 Utilization Ratio            : 100
Auto BRAM Packing                  : NO
Slice Utilization Ratio Delta      : 5

=========================================================================


=========================================================================
*                          HDL Parsing                                  *
=========================================================================
Analyzing Verilog file "D:\Google Drive\Repos\csdlabs\Lab3\counter.v" into library work
Parsing module <count_7>.
Analyzing Verilog file "D:\Google Drive\Repos\csdlabs\Lab3\prog_counter.v" into library work
Parsing module <prog_count_7>.
Analyzing Verilog file "D:\Google Drive\Repos\csdlabs\Lab3\binary_bcd.v" into library work
Parsing module <binary_bcd_2>.
Analyzing Verilog file "D:\Google Drive\Repos\csdlabs\Lab3\final_bcd_counter.v" into library work
Parsing module <bcd_count_7>.
Analyzing Verilog file "D:\Google Drive\Repos\csdlabs\Lab3\lab_board.v" into library work
Parsing module <lab_board>.

=========================================================================
*                            HDL Elaboration                            *
=========================================================================

Elaborating module <lab_board>.

Elaborating module <bcd_count_7>.

Elaborating module <prog_count_7>.

Elaborating module <count_7>.
WARNING:HDLCompiler:413 - "D:\Google Drive\Repos\csdlabs\Lab3\counter.v" Line 21: Result of 8-bit expression is truncated to fit in 7-bit target.

Elaborating module <binary_bcd_2>.
WARNING:HDLCompiler:413 - "D:\Google Drive\Repos\csdlabs\Lab3\binary_bcd.v" Line 24: Result of 5-bit expression is truncated to fit in 4-bit target.

=========================================================================
*                           HDL Synthesis                               *
=========================================================================

Synthesizing Unit <lab_board>.
    Related source file is "D:\Google Drive\Repos\csdlabs\Lab3\lab_board.v".
    Summary:
	no macro.
Unit <lab_board> synthesized.

Synthesizing Unit <bcd_count_7>.
    Related source file is "D:\Google Drive\Repos\csdlabs\Lab3\final_bcd_counter.v".
    Summary:
	no macro.
Unit <bcd_count_7> synthesized.

Synthesizing Unit <prog_count_7>.
    Related source file is "D:\Google Drive\Repos\csdlabs\Lab3\prog_counter.v".
    Found 7-bit register for signal <count_out>.
    Found 1-bit register for signal <enable>.
    Found 7-bit comparator equal for signal <counter_output[6]_max_count[6]_equal_2_o> created at line 38
    Found 7-bit comparator lessequal for signal <n0002> created at line 38
    Found 7-bit comparator greater for signal <n0005> created at line 43
    Summary:
	inferred   8 D-type flip-flop(s).
	inferred   3 Comparator(s).
Unit <prog_count_7> synthesized.

Synthesizing Unit <count_7>.
    Related source file is "D:\Google Drive\Repos\csdlabs\Lab3\counter.v".
    Found 7-bit register for signal <count_out>.
    Found 7-bit adder for signal <count_out[6]_GND_4_o_add_2_OUT> created at line 21.
    Summary:
	inferred   1 Adder/Subtractor(s).
	inferred   7 D-type flip-flop(s).
Unit <count_7> synthesized.

Synthesizing Unit <binary_bcd_2>.
    Related source file is "D:\Google Drive\Repos\csdlabs\Lab3\binary_bcd.v".
    Found 4-bit adder for signal <n0033> created at line 24.
    Found 4-bit adder for signal <GND_5_o_GND_5_o_add_4_OUT> created at line 24.
    Found 4-bit adder for signal <GND_5_o_GND_5_o_add_7_OUT> created at line 24.
    Found 4-bit adder for signal <n0043> created at line 21.
    Found 4-bit adder for signal <GND_5_o_GND_5_o_add_13_OUT> created at line 24.
    Found 3-bit comparator lessequal for signal <n0000> created at line 23
    Found 4-bit comparator lessequal for signal <n0004> created at line 23
    Found 4-bit comparator lessequal for signal <n0008> created at line 23
    Found 3-bit comparator lessequal for signal <n0012> created at line 20
    Found 4-bit comparator lessequal for signal <n0016> created at line 23
    Summary:
	inferred   5 Adder/Subtractor(s).
	inferred   5 Comparator(s).
	inferred   5 Multiplexer(s).
Unit <binary_bcd_2> synthesized.

=========================================================================
HDL Synthesis Report

Macro Statistics
# Adders/Subtractors                                   : 6
 4-bit adder                                           : 5
 7-bit adder                                           : 1
# Registers                                            : 3
 1-bit register                                        : 1
 7-bit register                                        : 2
# Comparators                                          : 8
 3-bit comparator lessequal                            : 2
 4-bit comparator lessequal                            : 3
 7-bit comparator equal                                : 1
 7-bit comparator greater                              : 1
 7-bit comparator lessequal                            : 1
# Multiplexers                                         : 5
 4-bit 2-to-1 multiplexer                              : 5

=========================================================================

=========================================================================
*                       Advanced HDL Synthesis                          *
=========================================================================


Synthesizing (advanced) Unit <count_7>.
The following registers are absorbed into counter <count_out>: 1 register on signal <count_out>.
Unit <count_7> synthesized (advanced).

=========================================================================
Advanced HDL Synthesis Report

Macro Statistics
# Adders/Subtractors                                   : 5
 4-bit adder                                           : 5
# Counters                                             : 1
 7-bit up counter                                      : 1
# Registers                                            : 8
 Flip-Flops                                            : 8
# Comparators                                          : 8
 3-bit comparator lessequal                            : 2
 4-bit comparator lessequal                            : 3
 7-bit comparator equal                                : 1
 7-bit comparator greater                              : 1
 7-bit comparator lessequal                            : 1
# Multiplexers                                         : 5
 4-bit 2-to-1 multiplexer                              : 5

=========================================================================

=========================================================================
*                         Low Level Synthesis                           *
=========================================================================

Optimizing unit <lab_board> ...

Optimizing unit <prog_count_7> ...

Optimizing unit <binary_bcd_2> ...

Mapping all equations...
Building and optimizing final netlist ...
Found area constraint ratio of 100 (+ 5) on block lab_board, actual ratio is 0.

Final Macro Processing ...

=========================================================================
Final Register Report

Macro Statistics
# Registers                                            : 15
 Flip-Flops                                            : 15

=========================================================================

=========================================================================
*                           Partition Report                            *
=========================================================================

Partition Implementation Status
-------------------------------

  No Partitions were found in this design.

-------------------------------

=========================================================================
*                            Design Summary                             *
=========================================================================

Top Level Output File Name         : lab_board.ngc

Primitive and Black Box Usage:
------------------------------
# BELS                             : 46
#      INV                         : 2
#      LUT2                        : 5
#      LUT3                        : 3
#      LUT4                        : 4
#      LUT5                        : 16
#      LUT6                        : 14
#      MUXF7                       : 2
# FlipFlops/Latches                : 15
#      FD                          : 2
#      FDE                         : 6
#      FDRE                        : 7
# Clock Buffers                    : 1
#      BUFGP                       : 1
# IO Buffers                       : 16
#      IBUF                        : 8
#      OBUF                        : 8

Device utilization summary:
---------------------------

Selected Device : 6slx45csg484-3 


Slice Logic Utilization: 
 Number of Slice Registers:              15  out of  54576     0%  
 Number of Slice LUTs:                   44  out of  27288     0%  
    Number used as Logic:                44  out of  27288     0%  

Slice Logic Distribution: 
 Number of LUT Flip Flop pairs used:     44
   Number with an unused Flip Flop:      29  out of     44    65%  
   Number with an unused LUT:             0  out of     44     0%  
   Number of fully used LUT-FF pairs:    15  out of     44    34%  
   Number of unique control sets:         3

IO Utilization: 
 Number of IOs:                          17
 Number of bonded IOBs:                  17  out of    320     5%  

Specific Feature Utilization:
 Number of BUFG/BUFGCTRLs:                1  out of     16     6%  

---------------------------
Partition Resource Summary:
---------------------------

  No Partitions were found in this design.

---------------------------


=========================================================================
Timing Report

NOTE: THESE TIMING NUMBERS ARE ONLY A SYNTHESIS ESTIMATE.
      FOR ACCURATE TIMING INFORMATION PLEASE REFER TO THE TRACE REPORT
      GENERATED AFTER PLACE-and-ROUTE.

Clock Information:
------------------
-----------------------------------+------------------------+-------+
Clock Signal                       | Clock buffer(FF name)  | Load  |
-----------------------------------+------------------------+-------+
CLK                                | BUFGP                  | 15    |
-----------------------------------+------------------------+-------+

Asynchronous Control Signals Information:
----------------------------------------
No asynchronous control signals found in this design

Timing Summary:
---------------
Speed Grade: -3

   Minimum period: 4.374ns (Maximum Frequency: 228.616MHz)
   Minimum input arrival time before clock: 5.222ns
   Maximum output required time after clock: 6.148ns
   Maximum combinational path delay: No path found

Timing Details:
---------------
All values displayed in nanoseconds (ns)

=========================================================================
Timing constraint: Default period analysis for Clock 'CLK'
  Clock period: 4.374ns (frequency: 228.616MHz)
  Total number of paths / destination ports: 271 / 28
-------------------------------------------------------------------------
Delay:               4.374ns (Levels of Logic = 4)
  Source:            counter/counter/counter_1/count_out_2 (FF)
  Destination:       counter/counter/count_out_5 (FF)
  Source Clock:      CLK rising
  Destination Clock: CLK rising

  Data Path: counter/counter/counter_1/count_out_2 to counter/counter/count_out_5
                                Gate     Net
    Cell:in->out      fanout   Delay   Delay  Logical Name (Net Name)
    ----------------------------------------  ------------
     FDRE:C->Q            11   0.447   0.987  counter/counter/counter_1/count_out_2 (counter/counter/counter_1/count_out_2)
     LUT2:I0->O            1   0.203   0.579  counter/counter/counter_output[6]_PWR_3_o_OR_38_o6 (counter/counter/counter_output[6]_PWR_3_o_OR_38_o6)
     MUXF7:S->O            3   0.148   0.755  counter/counter/counter_output[6]_PWR_3_o_OR_38_o8 (counter/counter/counter_output[6]_PWR_3_o_OR_38_o8)
     LUT6:I4->O            6   0.203   0.745  counter/counter/_n0020_inv1_cepot_rstpot (counter/counter/_n0020_inv1_cepot_rstpot)
     LUT6:I5->O            1   0.205   0.000  counter/counter/count_out_0_dpot1 (counter/counter/count_out_0_dpot1)
     FDE:D                     0.102          counter/counter/count_out_0
    ----------------------------------------
    Total                      4.374ns (1.308ns logic, 3.066ns route)
                                       (29.9% logic, 70.1% route)

=========================================================================
Timing constraint: Default OFFSET IN BEFORE for Clock 'CLK'
  Total number of paths / destination ports: 205 / 22
-------------------------------------------------------------------------
Offset:              5.222ns (Levels of Logic = 5)
  Source:            SW<6> (PAD)
  Destination:       counter/counter/count_out_5 (FF)
  Destination Clock: CLK rising

  Data Path: SW<6> to counter/counter/count_out_5
                                Gate     Net
    Cell:in->out      fanout   Delay   Delay  Logical Name (Net Name)
    ----------------------------------------  ------------
     IBUF:I->O            10   1.222   1.104  SW_6_IBUF (SW_6_IBUF)
     LUT4:I0->O            1   0.203   0.580  counter/counter/counter_output[6]_PWR_3_o_OR_38_o111 (counter/counter/counter_output[6]_PWR_3_o_OR_38_o11)
     LUT5:I4->O            3   0.205   0.651  counter/counter/counter_output[6]_PWR_3_o_OR_38_o4 (counter/counter/counter_output[6]_PWR_3_o_OR_38_o4)
     LUT6:I5->O            6   0.205   0.745  counter/counter/_n0020_inv1_cepot_rstpot (counter/counter/_n0020_inv1_cepot_rstpot)
     LUT6:I5->O            1   0.205   0.000  counter/counter/count_out_0_dpot1 (counter/counter/count_out_0_dpot1)
     FDE:D                     0.102          counter/counter/count_out_0
    ----------------------------------------
    Total                      5.222ns (2.142ns logic, 3.080ns route)
                                       (41.0% logic, 59.0% route)

=========================================================================
Timing constraint: Default OFFSET OUT AFTER for Clock 'CLK'
  Total number of paths / destination ports: 83 / 8
-------------------------------------------------------------------------
Offset:              6.148ns (Levels of Logic = 3)
  Source:            counter/counter/count_out_5 (FF)
  Destination:       LED<4> (PAD)
  Source Clock:      CLK rising

  Data Path: counter/counter/count_out_5 to LED<4>
                                Gate     Net
    Cell:in->out      fanout   Delay   Delay  Logical Name (Net Name)
    ----------------------------------------  ------------
     FDE:C->Q              7   0.447   1.118  counter/counter/count_out_5 (counter/counter/count_out_5)
     LUT5:I0->O            4   0.203   1.028  counter/bcd_converter/Mmux_GND_5_o_GND_5_o_mux_8_OUT21 (counter/bcd_converter/Madd_GND_5_o_GND_5_o_add_13_OUT_lut<2>)
     LUT5:I0->O            1   0.203   0.579  counter/bcd_converter/Mmux_digit_241 (LED_4_OBUF)
     OBUF:I->O                 2.571          LED_4_OBUF (LED<4>)
    ----------------------------------------
    Total                      6.148ns (3.424ns logic, 2.724ns route)
                                       (55.7% logic, 44.3% route)

=========================================================================

Cross Clock Domains Report:
--------------------------

Clock to Setup on destination clock CLK
---------------+---------+---------+---------+---------+
               | Src:Rise| Src:Fall| Src:Rise| Src:Fall|
Source Clock   |Dest:Rise|Dest:Rise|Dest:Fall|Dest:Fall|
---------------+---------+---------+---------+---------+
CLK            |    4.374|         |         |         |
---------------+---------+---------+---------+---------+

=========================================================================


Total REAL time to Xst completion: 4.00 secs
Total CPU time to Xst completion: 4.15 secs
 
--> 

Total memory usage is 263780 kilobytes

Number of errors   :    0 (   0 filtered)
Number of warnings :    2 (   0 filtered)
Number of infos    :    0 (   0 filtered)

